# JRE version: OpenJDK Runtime Environment (17.0.6+10) (build 17.0.6+10-Ubuntu-0ubuntu122.04)
# Java VM: OpenJDK 64-Bit Server VM (17.0.6+10-Ubuntu-0ubuntu122.04, mixed mode, emulated-client, sharing, tiered, compressed oops, compressed class ptrs, g1 gc, linux-amd64)
GC Precious Log:
 CPUs: 4 total, 4 available
 Memory: 11835M
 Large Page Support: Disabled
 NUMA Support: Disabled
 Compressed Oops: Enabled (32-bit)
 Heap Region Size: 1M
 Heap Min Capacity: 8M
 Heap Initial Capacity: 186M
 Heap Max Capacity: 850M
 Pre-touch: Disabled
 Parallel Workers: 4
 Concurrent Workers: 1
 Concurrent Refinement Workers: 4
 Periodic GC: Disabled
Heap:
 garbage-first heap   total 48128K, used 28646K [0x00000000cae00000, 0x0000000100000000)
  region size 1024K, 15 young (15360K), 2 survivors (2048K)
 Metaspace       used 29548K, committed 30016K, reserved 1081344K
  class space    used 4003K, committed 4224K, reserved 1048576K
GC Heap History (20 events):
Event: 519,798 GC heap before
{Heap before GC invocations=8 (full 1):
 garbage-first heap   total 48128K, used 25737K [0x00000000cae00000, 0x0000000100000000)
  region size 1024K, 14 young (14336K), 2 survivors (2048K)
 Metaspace       used 27172K, committed 27584K, reserved 1073152K
  class space    used 3771K, committed 3968K, reserved 1048576K
}
Event: 519,938 GC heap after
{Heap after GC invocations=9 (full 2):
 garbage-first heap   total 48128K, used 12319K [0x00000000cae00000, 0x0000000100000000)
  region size 1024K, 0 young (0K), 0 survivors (0K)
 Metaspace       used 26949K, committed 27584K, reserved 1073152K
  class space    used 3717K, committed 3968K, reserved 1048576K
}
Event: 520,514 GC heap before
{Heap before GC invocations=9 (full 2):
 garbage-first heap   total 48128K, used 31775K [0x00000000cae00000, 0x0000000100000000)
  region size 1024K, 19 young (19456K), 0 survivors (0K)
 Metaspace       used 26962K, committed 27584K, reserved 1073152K
  class space    used 3719K, committed 3968K, reserved 1048576K
}
Event: 520,523 GC heap after
{Heap after GC invocations=10 (full 2):
 garbage-first heap   total 48128K, used 14116K [0x00000000cae00000, 0x0000000100000000)
  region size 1024K, 2 young (2048K), 2 survivors (2048K)
 Metaspace       used 26962K, committed 27584K, reserved 1073152K
  class space    used 3719K, committed 3968K, reserved 1048576K
}
Event: 646,262 GC heap before
{Heap before GC invocations=10 (full 2):
 garbage-first heap   total 48128K, used 23332K [0x00000000cae00000, 0x0000000100000000)
  region size 1024K, 12 young (12288K), 2 survivors (2048K)
 Metaspace       used 26974K, committed 27584K, reserved 1073152K
  class space    used 3722K, committed 3968K, reserved 1048576K
}
Event: 646,330 GC heap after
{Heap after GC invocations=11 (full 3):
 garbage-first heap   total 48128K, used 12351K [0x00000000cae00000, 0x0000000100000000)
  region size 1024K, 0 young (0K), 0 survivors (0K)
 Metaspace       used 26961K, committed 27584K, reserved 1073152K
  class space    used 3720K, committed 3968K, reserved 1048576K
}
Event: 646,918 GC heap before
{Heap before GC invocations=11 (full 3):
 garbage-first heap   total 48128K, used 31807K [0x00000000cae00000, 0x0000000100000000)
  region size 1024K, 19 young (19456K), 0 survivors (0K)
 Metaspace       used 27006K, committed 27584K, reserved 1073152K
  class space    used 3730K, committed 3968K, reserved 1048576K
}
Event: 646,922 GC heap after
{Heap after GC invocations=12 (full 3):
 garbage-first heap   total 48128K, used 14174K [0x00000000cae00000, 0x0000000100000000)
  region size 1024K, 2 young (2048K), 2 survivors (2048K)
 Metaspace       used 27006K, committed 27584K, reserved 1073152K
  class space    used 3730K, committed 3968K, reserved 1048576K
}
Event: 682,501 GC heap before
{Heap before GC invocations=12 (full 3):
 garbage-first heap   total 48128K, used 23390K [0x00000000cae00000, 0x0000000100000000)
  region size 1024K, 12 young (12288K), 2 survivors (2048K)
 Metaspace       used 27033K, committed 27584K, reserved 1073152K
  class space    used 3734K, committed 3968K, reserved 1048576K
}
Event: 682,555 GC heap after
{Heap after GC invocations=13 (full 4):
 garbage-first heap   total 48128K, used 12386K [0x00000000cae00000, 0x0000000100000000)
  region size 1024K, 0 young (0K), 0 survivors (0K)
 Metaspace       used 27020K, committed 27584K, reserved 1073152K
  class space    used 3732K, committed 3968K, reserved 1048576K
}
Event: 682,832 GC heap before
{Heap before GC invocations=13 (full 4):
 garbage-first heap   total 48128K, used 32866K [0x00000000cae00000, 0x0000000100000000)
  region size 1024K, 20 young (20480K), 0 survivors (0K)
 Metaspace       used 27034K, committed 27584K, reserved 1073152K
  class space    used 3734K, committed 3968K, reserved 1048576K
}
Event: 682,837 GC heap after
{Heap after GC invocations=14 (full 4):
 garbage-first heap   total 48128K, used 14242K [0x00000000cae00000, 0x0000000100000000)
  region size 1024K, 2 young (2048K), 2 survivors (2048K)
 Metaspace       used 27034K, committed 27584K, reserved 1073152K
  class space    used 3734K, committed 3968K, reserved 1048576K
}
Event: 736,424 GC heap before
{Heap before GC invocations=14 (full 4):
 garbage-first heap   total 48128K, used 22434K [0x00000000cae00000, 0x0000000100000000)
  region size 1024K, 11 young (11264K), 2 survivors (2048K)
 Metaspace       used 27123K, committed 27584K, reserved 1073152K
  class space    used 3747K, committed 3968K, reserved 1048576K
}
Event: 736,517 GC heap after
{Heap after GC invocations=15 (full 5):
 garbage-first heap   total 48128K, used 12452K [0x00000000cae00000, 0x0000000100000000)
  region size 1024K, 0 young (0K), 0 survivors (0K)
 Metaspace       used 27111K, committed 27584K, reserved 1073152K
  class space    used 3745K, committed 3968K, reserved 1048576K
}
Event: 737,050 GC heap before
{Heap before GC invocations=15 (full 5):
 garbage-first heap   total 48128K, used 32932K [0x00000000cae00000, 0x0000000100000000)
  region size 1024K, 20 young (20480K), 0 survivors (0K)
 Metaspace       used 27143K, committed 27584K, reserved 1073152K
  class space    used 3752K, committed 3968K, reserved 1048576K
}
Event: 737,057 GC heap after
{Heap after GC invocations=16 (full 5):
 garbage-first heap   total 48128K, used 14241K [0x00000000cae00000, 0x0000000100000000)
  region size 1024K, 2 young (2048K), 2 survivors (2048K)
 Metaspace       used 27143K, committed 27584K, reserved 1073152K
  class space    used 3752K, committed 3968K, reserved 1048576K
}
Event: 825,780 GC heap before
{Heap before GC invocations=16 (full 5):
 garbage-first heap   total 48128K, used 22433K [0x00000000cae00000, 0x0000000100000000)
  region size 1024K, 11 young (11264K), 2 survivors (2048K)
 Metaspace       used 27155K, committed 27584K, reserved 1073152K
  class space    used 3754K, committed 3968K, reserved 1048576K
}
Event: 825,833 GC heap after
{Heap after GC invocations=17 (full 6):
 garbage-first heap   total 48128K, used 12431K [0x00000000cae00000, 0x0000000100000000)
  region size 1024K, 0 young (0K), 0 survivors (0K)
 Metaspace       used 27124K, committed 27584K, reserved 1073152K
  class space    used 3748K, committed 3968K, reserved 1048576K
}
Event: 826,238 GC heap before
{Heap before GC invocations=17 (full 6):
 garbage-first heap   total 48128K, used 33935K [0x00000000cae00000, 0x0000000100000000)
  region size 1024K, 21 young (21504K), 0 survivors (0K)
 Metaspace       used 27138K, committed 27584K, reserved 1073152K
  class space    used 3751K, committed 3968K, reserved 1048576K
}
Event: 826,243 GC heap after
{Heap after GC invocations=18 (full 6):
 garbage-first heap   total 48128K, used 14310K [0x00000000cae00000, 0x0000000100000000)
  region size 1024K, 2 young (2048K), 2 survivors (2048K)
 Metaspace       used 27138K, committed 27584K, reserved 1073152K
  class space    used 3751K, committed 3968K, reserved 1048576K
}

