# JRE version: OpenJDK Runtime Environment (17.0.6+10) (build 17.0.6+10-Ubuntu-0ubuntu122.04)
# Java VM: OpenJDK 64-Bit Server VM (17.0.6+10-Ubuntu-0ubuntu122.04, mixed mode, emulated-client, sharing, tiered, compressed oops, compressed class ptrs, g1 gc, linux-amd64)
GC Precious Log:
 CPUs: 4 total, 4 available
 Memory: 11835M
 Large Page Support: Disabled
 NUMA Support: Disabled
 Compressed Oops: Enabled (32-bit)
 Heap Region Size: 1M
 Heap Min Capacity: 8M
 Heap Initial Capacity: 186M
 Heap Max Capacity: 850M
 Pre-touch: Disabled
 Parallel Workers: 4
 Concurrent Workers: 1
 Concurrent Refinement Workers: 4
 Periodic GC: Disabled
Heap:
 garbage-first heap   total 117760K, used 20832K [0x00000000cae00000, 0x0000000100000000)
  region size 1024K, 2 young (2048K), 1 survivors (1024K)
 Metaspace       used 30094K, committed 30592K, reserved 1081344K
  class space    used 4066K, committed 4288K, reserved 1048576K
GC Heap History (20 events):
Event: 2408,453 GC heap before
{Heap before GC invocations=12 (full 3):
 garbage-first heap   total 45056K, used 30027K [0x00000000cae00000, 0x0000000100000000)
  region size 1024K, 17 young (17408K), 0 survivors (0K)
 Metaspace       used 30026K, committed 30528K, reserved 1081344K
  class space    used 4052K, committed 4288K, reserved 1048576K
}
Event: 2408,456 GC heap after
{Heap after GC invocations=13 (full 3):
 garbage-first heap   total 45056K, used 14297K [0x00000000cae00000, 0x0000000100000000)
  region size 1024K, 2 young (2048K), 2 survivors (2048K)
 Metaspace       used 30026K, committed 30528K, reserved 1081344K
  class space    used 4052K, committed 4288K, reserved 1048576K
}
Event: 2658,132 GC heap before
{Heap before GC invocations=13 (full 3):
 garbage-first heap   total 45056K, used 25561K [0x00000000cae00000, 0x0000000100000000)
  region size 1024K, 14 young (14336K), 2 survivors (2048K)
 Metaspace       used 30029K, committed 30528K, reserved 1081344K
  class space    used 4053K, committed 4288K, reserved 1048576K
}
Event: 2658,164 GC heap after
{Heap after GC invocations=14 (full 4):
 garbage-first heap   total 45056K, used 12624K [0x00000000cae00000, 0x0000000100000000)
  region size 1024K, 0 young (0K), 0 survivors (0K)
 Metaspace       used 30016K, committed 30528K, reserved 1081344K
  class space    used 4051K, committed 4288K, reserved 1048576K
}
Event: 2658,528 GC heap before
{Heap before GC invocations=14 (full 4):
 garbage-first heap   total 45056K, used 31056K [0x00000000cae00000, 0x0000000100000000)
  region size 1024K, 18 young (18432K), 0 survivors (0K)
 Metaspace       used 30027K, committed 30528K, reserved 1081344K
  class space    used 4052K, committed 4288K, reserved 1048576K
}
Event: 2658,531 GC heap after
{Heap after GC invocations=15 (full 4):
 garbage-first heap   total 45056K, used 14293K [0x00000000cae00000, 0x0000000100000000)
  region size 1024K, 2 young (2048K), 2 survivors (2048K)
 Metaspace       used 30027K, committed 30528K, reserved 1081344K
  class space    used 4052K, committed 4288K, reserved 1048576K
}
Event: 2671,073 GC heap before
{Heap before GC invocations=15 (full 4):
 garbage-first heap   total 45056K, used 23509K [0x00000000cae00000, 0x0000000100000000)
  region size 1024K, 12 young (12288K), 2 survivors (2048K)
 Metaspace       used 30052K, committed 30528K, reserved 1081344K
  class space    used 4057K, committed 4288K, reserved 1048576K
}
Event: 2671,111 GC heap after
{Heap after GC invocations=16 (full 5):
 garbage-first heap   total 45056K, used 12863K [0x00000000cae00000, 0x0000000100000000)
  region size 1024K, 0 young (0K), 0 survivors (0K)
 Metaspace       used 30039K, committed 30528K, reserved 1081344K
  class space    used 4055K, committed 4288K, reserved 1048576K
}
Event: 2671,328 GC heap before
{Heap before GC invocations=16 (full 5):
 garbage-first heap   total 45056K, used 31295K [0x00000000cae00000, 0x0000000100000000)
  region size 1024K, 18 young (18432K), 0 survivors (0K)
 Metaspace       used 30050K, committed 30528K, reserved 1081344K
  class space    used 4056K, committed 4288K, reserved 1048576K
}
Event: 2671,330 GC heap after
{Heap after GC invocations=17 (full 5):
 garbage-first heap   total 45056K, used 14620K [0x00000000cae00000, 0x0000000100000000)
  region size 1024K, 2 young (2048K), 2 survivors (2048K)
 Metaspace       used 30050K, committed 30528K, reserved 1081344K
  class space    used 4056K, committed 4288K, reserved 1048576K
}
Event: 3252,110 GC heap before
{Heap before GC invocations=17 (full 5):
 garbage-first heap   total 45056K, used 29980K [0x00000000cae00000, 0x0000000100000000)
  region size 1024K, 15 young (15360K), 2 survivors (2048K)
 Metaspace       used 30055K, committed 30528K, reserved 1081344K
  class space    used 4058K, committed 4288K, reserved 1048576K
}
Event: 3252,171 GC heap after
{Heap after GC invocations=18 (full 6):
 garbage-first heap   total 45056K, used 12899K [0x00000000cae00000, 0x0000000100000000)
  region size 1024K, 0 young (0K), 0 survivors (0K)
 Metaspace       used 30053K, committed 30528K, reserved 1081344K
  class space    used 4057K, committed 4288K, reserved 1048576K
}
Event: 3252,696 GC heap before
{Heap before GC invocations=18 (full 6):
 garbage-first heap   total 45056K, used 30307K [0x00000000cae00000, 0x0000000100000000)
  region size 1024K, 18 young (18432K), 0 survivors (0K)
 Metaspace       used 30088K, committed 30592K, reserved 1081344K
  class space    used 4065K, committed 4288K, reserved 1048576K
}
Event: 3252,707 GC heap after
{Heap after GC invocations=19 (full 6):
 garbage-first heap   total 45056K, used 14739K [0x00000000cae00000, 0x0000000100000000)
  region size 1024K, 2 young (2048K), 2 survivors (2048K)
 Metaspace       used 30088K, committed 30592K, reserved 1081344K
  class space    used 4065K, committed 4288K, reserved 1048576K
}
Event: 3285,035 GC heap before
{Heap before GC invocations=19 (full 6):
 garbage-first heap   total 45056K, used 33171K [0x00000000cae00000, 0x0000000100000000)
  region size 1024K, 19 young (19456K), 2 survivors (2048K)
 Metaspace       used 30094K, committed 30592K, reserved 1081344K
  class space    used 4066K, committed 4288K, reserved 1048576K
}
Event: 3285,038 GC heap after
{Heap after GC invocations=20 (full 6):
 garbage-first heap   total 45056K, used 17141K [0x00000000cae00000, 0x0000000100000000)
  region size 1024K, 1 young (1024K), 1 survivors (1024K)
 Metaspace       used 30094K, committed 30592K, reserved 1081344K
  class space    used 4066K, committed 4288K, reserved 1048576K
}
Event: 3285,061 GC heap before
{Heap before GC invocations=20 (full 6):
 garbage-first heap   total 45056K, used 19189K [0x00000000cae00000, 0x0000000100000000)
  region size 1024K, 4 young (4096K), 1 survivors (1024K)
 Metaspace       used 30094K, committed 30592K, reserved 1081344K
  class space    used 4066K, committed 4288K, reserved 1048576K
}
Event: 3285,063 GC heap after
{Heap after GC invocations=21 (full 6):
 garbage-first heap   total 45056K, used 16820K [0x00000000cae00000, 0x0000000100000000)
  region size 1024K, 1 young (1024K), 1 survivors (1024K)
 Metaspace       used 30094K, committed 30592K, reserved 1081344K
  class space    used 4066K, committed 4288K, reserved 1048576K
}
Event: 3285,072 GC heap before
{Heap before GC invocations=21 (full 6):
 garbage-first heap   total 45056K, used 18868K [0x00000000cae00000, 0x0000000100000000)
  region size 1024K, 2 young (2048K), 1 survivors (1024K)
 Metaspace       used 30094K, committed 30592K, reserved 1081344K
  class space    used 4066K, committed 4288K, reserved 1048576K
}
Event: 3285,075 GC heap after
{Heap after GC invocations=22 (full 6):
 garbage-first heap   total 117760K, used 18784K [0x00000000cae00000, 0x0000000100000000)
  region size 1024K, 1 young (1024K), 1 survivors (1024K)
 Metaspace       used 30094K, committed 30592K, reserved 1081344K
  class space    used 4066K, committed 4288K, reserved 1048576K
}

