# JRE version: OpenJDK Runtime Environment (17.0.6+10) (build 17.0.6+10-Ubuntu-0ubuntu122.04)
# Java VM: OpenJDK 64-Bit Server VM (17.0.6+10-Ubuntu-0ubuntu122.04, mixed mode, emulated-client, sharing, tiered, compressed oops, compressed class ptrs, g1 gc, linux-amd64)
GC Precious Log:
 CPUs: 4 total, 4 available
 Memory: 11835M
 Large Page Support: Disabled
 NUMA Support: Disabled
 Compressed Oops: Enabled (32-bit)
 Heap Region Size: 1M
 Heap Min Capacity: 8M
 Heap Initial Capacity: 186M
 Heap Max Capacity: 850M
 Pre-touch: Disabled
 Parallel Workers: 4
 Concurrent Workers: 1
 Concurrent Refinement Workers: 4
 Periodic GC: Disabled
Heap:
 garbage-first heap   total 51200K, used 33869K [0x00000000cae00000, 0x0000000100000000)
  region size 1024K, 18 young (18432K), 1 survivors (1024K)
 Metaspace       used 29159K, committed 29568K, reserved 1081344K
  class space    used 3953K, committed 4160K, reserved 1048576K
GC Heap History (10 events):
Event: 0,527 GC heap before
{Heap before GC invocations=0 (full 0):
 garbage-first heap   total 192512K, used 13288K [0x00000000cae00000, 0x0000000100000000)
  region size 1024K, 13 young (13312K), 0 survivors (0K)
 Metaspace       used 3735K, committed 3968K, reserved 1056768K
  class space    used 488K, committed 576K, reserved 1048576K
}
Event: 0,531 GC heap after
{Heap after GC invocations=1 (full 0):
 garbage-first heap   total 192512K, used 4208K [0x00000000cae00000, 0x0000000100000000)
  region size 1024K, 2 young (2048K), 2 survivors (2048K)
 Metaspace       used 3735K, committed 3968K, reserved 1056768K
  class space    used 488K, committed 576K, reserved 1048576K
}
Event: 0,884 GC heap before
{Heap before GC invocations=1 (full 0):
 garbage-first heap   total 192512K, used 19568K [0x00000000cae00000, 0x0000000100000000)
  region size 1024K, 17 young (17408K), 2 survivors (2048K)
 Metaspace       used 6389K, committed 6528K, reserved 1056768K
  class space    used 899K, committed 960K, reserved 1048576K
}
Event: 0,888 GC heap after
{Heap after GC invocations=2 (full 0):
 garbage-first heap   total 192512K, used 5404K [0x00000000cae00000, 0x0000000100000000)
  region size 1024K, 2 young (2048K), 2 survivors (2048K)
 Metaspace       used 6389K, committed 6528K, reserved 1056768K
  class space    used 899K, committed 960K, reserved 1048576K
}
Event: 2,460 GC heap before
{Heap before GC invocations=2 (full 0):
 garbage-first heap   total 192512K, used 86300K [0x00000000cae00000, 0x0000000100000000)
  region size 1024K, 82 young (83968K), 2 survivors (2048K)
 Metaspace       used 21195K, committed 21504K, reserved 1073152K
  class space    used 2937K, committed 3072K, reserved 1048576K
}
Event: 2,472 GC heap after
{Heap after GC invocations=3 (full 0):
 garbage-first heap   total 192512K, used 11480K [0x00000000cae00000, 0x0000000100000000)
  region size 1024K, 8 young (8192K), 8 survivors (8192K)
 Metaspace       used 21195K, committed 21504K, reserved 1073152K
  class space    used 2937K, committed 3072K, reserved 1048576K
}
Event: 2,990 GC heap before
{Heap before GC invocations=4 (full 0):
 garbage-first heap   total 51200K, used 34008K [0x00000000cae00000, 0x0000000100000000)
  region size 1024K, 30 young (30720K), 8 survivors (8192K)
 Metaspace       used 24496K, committed 24896K, reserved 1073152K
  class space    used 3404K, committed 3584K, reserved 1048576K
}
Event: 3,008 GC heap after
{Heap after GC invocations=5 (full 0):
 garbage-first heap   total 51200K, used 14189K [0x00000000cae00000, 0x0000000100000000)
  region size 1024K, 3 young (3072K), 3 survivors (3072K)
 Metaspace       used 24496K, committed 24896K, reserved 1073152K
  class space    used 3404K, committed 3584K, reserved 1048576K
}
Event: 3,027 GC heap before
{Heap before GC invocations=5 (full 0):
 garbage-first heap   total 51200K, used 15213K [0x00000000cae00000, 0x0000000100000000)
  region size 1024K, 4 young (4096K), 3 survivors (3072K)
 Metaspace       used 24540K, committed 24896K, reserved 1073152K
  class space    used 3412K, committed 3584K, reserved 1048576K
}
Event: 3,037 GC heap after
{Heap after GC invocations=6 (full 0):
 garbage-first heap   total 51200K, used 14413K [0x00000000cae00000, 0x0000000100000000)
  region size 1024K, 1 young (1024K), 1 survivors (1024K)
 Metaspace       used 24540K, committed 24896K, reserved 1073152K
  class space    used 3412K, committed 3584K, reserved 1048576K
}

