# JRE version: OpenJDK Runtime Environment (17.0.6+10) (build 17.0.6+10-Ubuntu-0ubuntu122.04)
# Java VM: OpenJDK 64-Bit Server VM (17.0.6+10-Ubuntu-0ubuntu122.04, mixed mode, emulated-client, sharing, tiered, compressed oops, compressed class ptrs, g1 gc, linux-amd64)
GC Precious Log:
 CPUs: 4 total, 4 available
 Memory: 11835M
 Large Page Support: Disabled
 NUMA Support: Disabled
 Compressed Oops: Enabled (32-bit)
 Heap Region Size: 1M
 Heap Min Capacity: 8M
 Heap Initial Capacity: 186M
 Heap Max Capacity: 850M
 Pre-touch: Disabled
 Parallel Workers: 4
 Concurrent Workers: 1
 Concurrent Refinement Workers: 4
 Periodic GC: Disabled
Heap:
 garbage-first heap   total 51200K, used 33097K [0x00000000cae00000, 0x0000000100000000)
  region size 1024K, 17 young (17408K), 1 survivors (1024K)
 Metaspace       used 29169K, committed 29568K, reserved 1081344K
  class space    used 3960K, committed 4160K, reserved 1048576K
GC Heap History (10 events):
Event: 0,708 GC heap before
{Heap before GC invocations=0 (full 0):
 garbage-first heap   total 192512K, used 13288K [0x00000000cae00000, 0x0000000100000000)
  region size 1024K, 13 young (13312K), 0 survivors (0K)
 Metaspace       used 3735K, committed 3968K, reserved 1056768K
  class space    used 488K, committed 576K, reserved 1048576K
}
Event: 0,712 GC heap after
{Heap after GC invocations=1 (full 0):
 garbage-first heap   total 192512K, used 4296K [0x00000000cae00000, 0x0000000100000000)
  region size 1024K, 2 young (2048K), 2 survivors (2048K)
 Metaspace       used 3735K, committed 3968K, reserved 1056768K
  class space    used 488K, committed 576K, reserved 1048576K
}
Event: 1,134 GC heap before
{Heap before GC invocations=1 (full 0):
 garbage-first heap   total 192512K, used 18632K [0x00000000cae00000, 0x0000000100000000)
  region size 1024K, 17 young (17408K), 2 survivors (2048K)
 Metaspace       used 6389K, committed 6528K, reserved 1056768K
  class space    used 899K, committed 960K, reserved 1048576K
}
Event: 1,138 GC heap after
{Heap after GC invocations=2 (full 0):
 garbage-first heap   total 192512K, used 5441K [0x00000000cae00000, 0x0000000100000000)
  region size 1024K, 2 young (2048K), 2 survivors (2048K)
 Metaspace       used 6389K, committed 6528K, reserved 1056768K
  class space    used 899K, committed 960K, reserved 1048576K
}
Event: 2,965 GC heap before
{Heap before GC invocations=2 (full 0):
 garbage-first heap   total 192512K, used 86337K [0x00000000cae00000, 0x0000000100000000)
  region size 1024K, 82 young (83968K), 2 survivors (2048K)
 Metaspace       used 21199K, committed 21504K, reserved 1073152K
  class space    used 2941K, committed 3072K, reserved 1048576K
}
Event: 2,977 GC heap after
{Heap after GC invocations=3 (full 0):
 garbage-first heap   total 192512K, used 11535K [0x00000000cae00000, 0x0000000100000000)
  region size 1024K, 8 young (8192K), 8 survivors (8192K)
 Metaspace       used 21199K, committed 21504K, reserved 1073152K
  class space    used 2941K, committed 3072K, reserved 1048576K
}
Event: 3,507 GC heap before
{Heap before GC invocations=4 (full 0):
 garbage-first heap   total 51200K, used 34063K [0x00000000cae00000, 0x0000000100000000)
  region size 1024K, 30 young (30720K), 8 survivors (8192K)
 Metaspace       used 24543K, committed 24896K, reserved 1073152K
  class space    used 3416K, committed 3584K, reserved 1048576K
}
Event: 3,518 GC heap after
{Heap after GC invocations=5 (full 0):
 garbage-first heap   total 51200K, used 14143K [0x00000000cae00000, 0x0000000100000000)
  region size 1024K, 3 young (3072K), 3 survivors (3072K)
 Metaspace       used 24543K, committed 24896K, reserved 1073152K
  class space    used 3416K, committed 3584K, reserved 1048576K
}
Event: 3,549 GC heap before
{Heap before GC invocations=5 (full 0):
 garbage-first heap   total 51200K, used 15167K [0x00000000cae00000, 0x0000000100000000)
  region size 1024K, 4 young (4096K), 3 survivors (3072K)
 Metaspace       used 24639K, committed 25088K, reserved 1073152K
  class space    used 3433K, committed 3648K, reserved 1048576K
}
Event: 3,557 GC heap after
{Heap after GC invocations=6 (full 0):
 garbage-first heap   total 51200K, used 14665K [0x00000000cae00000, 0x0000000100000000)
  region size 1024K, 1 young (1024K), 1 survivors (1024K)
 Metaspace       used 24639K, committed 25088K, reserved 1073152K
  class space    used 3433K, committed 3648K, reserved 1048576K
}

